Target: NetHelp
Rebuild: No
Reading project data...
Kaltura_Management_Console_(KMC)_User_Manual.docx
  Processing fields...
  Processing list paragraphs...
  Converting lists to text...
  Converting image map pictures... 
  Saving preprocessed document...
  Preparing HTML file...
  Processing HTML file...
Glossary.docx
  Saving preprocessed document...
  Preparing HTML file...
  Processing HTML file...
Kaltura_Management_Console_(KMC)_User_Manual.docx
  Writing output files...
Glossary.docx
  Writing output files...
Building...
  Index file...
  Help target...
Saving changes...
Broken link: Add the Transcoding Flavors File. Document: Documents\Kaltura_Management_Console_(KMC)_User_Manual.docx. Topic: Key Benefits and Functionality. Style: D2HCrossRef.
Broken link: Chapter 1 KMC Overview........................................... 11. Document: Documents\Kaltura_Management_Console_(KMC)_User_Manual.docx. Topic: Contents. Style: D2HCrossRef.
Broken link: Chapter 10 Using Subtitles and Captions.................. 87. Document: Documents\Kaltura_Management_Console_(KMC)_User_Manual.docx. Topic: Contents. Style: D2HCrossRef.
Broken link: Chapter 11 Live Streaming....................................... 91. Document: Documents\Kaltura_Management_Console_(KMC)_User_Manual.docx. Topic: Contents. Style: D2HCrossRef.
Broken link: Chapter 12 Content Authoring Tools......................... 98. Document: Documents\Kaltura_Management_Console_(KMC)_User_Manual.docx. Topic: Contents. Style: D2HCrossRef.
Broken link: Chapter 13 Publishing to your Site......................... 103. Document: Documents\Kaltura_Management_Console_(KMC)_User_Manual.docx. Topic: Contents. Style: D2HCrossRef.
Broken link: Chapter 14 Distribution and Syndication................ 110. Document: Documents\Kaltura_Management_Console_(KMC)_User_Manual.docx. Topic: Contents. Style: D2HCrossRef.
Broken link: Chapter 15 Advertising and Ad Networks................ 132. Document: Documents\Kaltura_Management_Console_(KMC)_User_Manual.docx. Topic: Contents. Style: D2HCrossRef.
Broken link: Chapter 16 Creating and Tracking Analytics........... 158. Document: Documents\Kaltura_Management_Console_(KMC)_User_Manual.docx. Topic: Contents. Style: D2HCrossRef.
Broken link: Chapter 17 Account Information............................. 168. Document: Documents\Kaltura_Management_Console_(KMC)_User_Manual.docx. Topic: Contents. Style: D2HCrossRef.
Broken link: Chapter 2 Uploading and Ingestion........................... 13. Document: Documents\Kaltura_Management_Console_(KMC)_User_Manual.docx. Topic: Contents. Style: D2HCrossRef.
Broken link: Chapter 3 Transcoding and Processing...................... 24. Document: Documents\Kaltura_Management_Console_(KMC)_User_Manual.docx. Topic: Contents. Style: D2HCrossRef.
Broken link: Chapter 4 Creating and Customizing Playlists and Players       36. Document: Documents\Kaltura_Management_Console_(KMC)_User_Manual.docx. Topic: Contents. Style: D2HCrossRef.
Broken link: Chapter 5 Managing Metadata and Categories.......... 59. Document: Documents\Kaltura_Management_Console_(KMC)_User_Manual.docx. Topic: Contents. Style: D2HCrossRef.
Broken link: Chapter 6 Locating Content in the KMC.................... 69. Document: Documents\Kaltura_Management_Console_(KMC)_User_Manual.docx. Topic: Contents. Style: D2HCrossRef.
Broken link: Chapter 7 Managing Access Control Profiles............. 72. Document: Documents\Kaltura_Management_Console_(KMC)_User_Manual.docx. Topic: Contents. Style: D2HCrossRef.
Broken link: Chapter 8 KMC Users and Roles................................ 80. Document: Documents\Kaltura_Management_Console_(KMC)_User_Manual.docx. Topic: Contents. Style: D2HCrossRef.
Broken link: Chapter 9 Moderation and Editorial Workflows......... 85. Document: Documents\Kaltura_Management_Console_(KMC)_User_Manual.docx. Topic: Contents. Style: D2HCrossRef.
Broken link: Configure the Basics Settings. Document: Documents\Kaltura_Management_Console_(KMC)_User_Manual.docx. Topic: Player List. Style: D2HCrossRef.
Broken link: Configuring Third Party Ad Plugins. Document: Documents\Kaltura_Management_Console_(KMC)_User_Manual.docx. Topic: Supported Ad Servers. Style: D2HCrossRef.
Broken link: Configuring Transcoding Profiles. Document: Documents\Kaltura_Management_Console_(KMC)_User_Manual.docx. Topic: The Dashboard Tab. Style: D2HCrossRef.
Broken link: Creating Custom Roles. Document: Documents\Kaltura_Management_Console_(KMC)_User_Manual.docx. Topic: Adding a User. Style: D2HCrossRef.
Broken link: Default Flavors. Document: Documents\Kaltura_Management_Console_(KMC)_User_Manual.docx. Topic: Converting Videos into Multiple Flavors (Optimized Output Files). Style: D2HCrossRef.
Broken link: Delete Entry. Document: Documents\Kaltura_Management_Console_(KMC)_User_Manual.docx. Topic: Defining and Assigning Entry Categories. Style: D2HCrossRef.
Broken link: Managing Metadata and Categories. Document: Documents\Kaltura_Management_Console_(KMC)_User_Manual.docx. Topic: The Upload Tab. Style: D2HCrossRef.
Broken link: Preface....................................................................... PAGEREF _Toc320796730 \h 9. Document: Documents\Kaltura_Management_Console_(KMC)_User_Manual.docx. Topic: Contents. Style: D2HCrossRef.
Broken link: Select the Type of Player. Document: Documents\Kaltura_Management_Console_(KMC)_User_Manual.docx. Topic: Player List. Style: D2HCrossRef.
** Build Succeeded. Errors: 0. Warnings: 0. Broken links: 27.
